--------------------------------------------------------------------------------
 Project integration - START (2025-11-27 15:06:13) 
--------------------------------------------------------------------------------
FE snapshot name: DxD
BE snapshot name: Board1_layout_temp
Top level block: (2-1-5)
Parameters: BAConnectivity,BAConstraints,FEWin,
--------------------------------------------------------------------------------
--------------------------------------------------------------------------------
 Connection synchronization - START (2025-11-27 15:06:13) 
--------------------------------------------------------------------------------
[Ok][Modification] - [BE->FE] [O: Block,Schematic1,(2-1-5)]
[Ok][Modification] - [BE->FE] [P: Block,BatteryLEDs,(5-2-5)] [O: FlatComp,WURTHELEKTRONIK_150060RS75000.1,(5-32-8)]
	Property: Cell Name, Operation: Change
[Ok][Modification] - [BE->FE] [P: Block,BatteryLEDs,(5-2-5)] [O: FlatComp,PANASONICELECTRONICCOMPONE_CR-2477_HFN.1,(5-33-8)]
	Property: Cell Name, Operation: Change
[Ok][Modification] - [BE->FE] [P: Block,BatteryLEDs,(5-2-5)] [O: FlatComp,WURTHELEKTRONIK_150060RS75000.1,(5-37-8)]
	Property: Cell Name, Operation: Change
[Ok][Modification] - [BE->FE] [P: Block,BatteryLEDs,(5-2-5)] [O: FlatComp,WURTHELEKTRONIK_150060RS75000.1,(5-41-8)]
	Property: Cell Name, Operation: Change
[Ok][Modification] - [BE->FE] [P: Block,BatteryLEDs,(5-2-5)] [O: FlatComp,WURTHELEKTRONIK_150060RS75000.1,(5-45-8)]
	Property: Cell Name, Operation: Change
[Ok][Modification] - [BE->FE] [P: Block,BatteryLEDs,(5-2-5)] [O: FlatComp,VISHAYINTERTECHNOLOGIE_CRCW08052K00JNEA.1,(17-45-8)]
	Property: Cell Name, Operation: Change
[Ok][Modification] - [BE->FE] [P: Block,BatteryLEDs,(5-2-5)] [O: FlatComp,VISHAYINTERTECHNOLOGIE_CRCW08052K00JNEA.1,(17-47-8)]
	Property: Cell Name, Operation: Change
[Ok][Modification] - [BE->FE] [P: Block,BatteryLEDs,(5-2-5)] [O: FlatComp,WURTHELEKTRONIK_150060RS75000.1,(5-49-8)]
	Property: Cell Name, Operation: Change
[Ok][Modification] - [BE->FE] [P: Block,BatteryLEDs,(5-2-5)] [O: FlatComp,VISHAYINTERTECHNOLOGIE_CRCW08052K00JNEA.1,(17-49-8)]
	Property: Cell Name, Operation: Change
[Ok][Modification] - [BE->FE] [P: Block,BatteryLEDs,(5-2-5)] [O: FlatComp,VISHAYINTERTECHNOLOGIE_CRCW08052K00JNEA.1,(17-51-8)]
	Property: Cell Name, Operation: Change
[Ok][Modification] - [BE->FE] [P: Block,BatteryLEDs,(5-2-5)] [O: FlatComp,WURTHELEKTRONIK_150060RS75000.1,(5-53-8)]
	Property: Cell Name, Operation: Change
[Ok][Modification] - [BE->FE] [P: Block,BatteryLEDs,(5-2-5)] [O: FlatComp,VISHAYINTERTECHNOLOGIE_CRCW08052K00JNEA.1,(17-53-8)]
	Property: Cell Name, Operation: Change
[Ok][Modification] - [BE->FE] [P: Block,BatteryLEDs,(5-2-5)] [O: FlatComp,VISHAYINTERTECHNOLOGIE_CRCW08052K00JNEA.1,(17-55-8)]
	Property: Cell Name, Operation: Change
[Ok][Modification] - [BE->FE] [P: Block,BatteryLEDs,(5-2-5)] [O: FlatComp,VISHAYINTERTECHNOLOGIE_CRCW08052K00JNEA.1,(17-57-8)]
	Property: Cell Name, Operation: Change
[Ok][Modification] - [BE->FE] [P: Block,BatteryLEDs,(5-2-5)] [O: FlatComp,VISHAYINTERTECHNOLOGIE_CRCW08052K00JNEA.1,(17-59-8)]
	Property: Cell Name, Operation: Change
[Ok][Modification] - [BE->FE] [P: Block,BatteryLEDs,(5-2-5)] [O: FlatComp,VISHAYINTERTECHNOLOGIE_CRCW08052K00JNEA.1,(17-61-8)]
	Property: Cell Name, Operation: Change
[Ok][Modification] - [BE->FE] [P: Block,BatteryLEDs,(5-2-5)] [O: FlatComp,VISHAYINTERTECHNOLOGIE_CRCW08052K00JNEA.1,(17-63-8)]
	Property: Cell Name, Operation: Change
[Ok][Modification] - [BE->FE] [P: Block,BatteryLEDs,(5-2-5)] [O: FlatComp,VISHAYINTERTECHNOLOGIE_CRCW08052K00JNEA.1,(17-65-8)]
	Property: Cell Name, Operation: Change
[Ok][Modification] - [BE->FE] [P: Block,BatteryLEDs,(5-2-5)] [O: FlatComp,VISHAYINTERTECHNOLOGIE_CRCW08052K00JNEA.1,(17-67-8)]
	Property: Cell Name, Operation: Change
[Ok][Modification] - [BE->FE] [P: Block,BatteryLEDs,(5-2-5)] [O: FlatComp,WURTHELEKTRONIK_150060RS75000.1,(5-88-8)]
	Property: Cell Name, Operation: Change
[Ok][Modification] - [BE->FE] [P: Block,BatteryLEDs,(5-2-5)] [O: FlatComp,PANASONICELECTRONICCOMPONE_CR-2477_HFN.1,(5-89-8)]
	Property: Cell Name, Operation: Change
[Ok][Modification] - [BE->FE] [P: Block,BatteryLEDs,(5-2-5)] [O: FlatComp,WURTHELEKTRONIK_150060RS75000.1,(5-93-8)]
	Property: Cell Name, Operation: Change
[Ok][Modification] - [BE->FE] [P: Block,BatteryLEDs,(5-2-5)] [O: FlatComp,WURTHELEKTRONIK_150060RS75000.1,(5-97-8)]
	Property: Cell Name, Operation: Change
[Ok][Modification] - [BE->FE] [P: Block,BatteryLEDs,(5-2-5)] [O: FlatComp,WURTHELEKTRONIK_150060RS75000.1,(5-101-8)]
	Property: Cell Name, Operation: Change
[Ok][Modification] - [BE->FE] [P: Block,BatteryLEDs,(5-2-5)] [O: FlatComp,WURTHELEKTRONIK_150060RS75000.1,(5-105-8)]
	Property: Cell Name, Operation: Change
[Ok][Modification] - [BE->FE] [P: Block,BatteryLEDs,(5-2-5)] [O: FlatComp,WURTHELEKTRONIK_150060RS75000.1,(5-109-8)]
	Property: Cell Name, Operation: Change
--------------------------------------------------------------------------------
 Connection synchronization - END (2025-11-27 15:06:13) 
--------------------------------------------------------------------------------
--------------------------------------------------------------------------------
 CES synchronization - START (2025-11-27 15:06:13) 
--------------------------------------------------------------------------------

--------------------------------------------------------------------------------
 TOPOLOGY synchronization - START (2025-11-27 15:06:13) 
--------------------------------------------------------------------------------
--------------------------------------------------------------------------------
 TOPOLOGY synchronization - END (2025-11-27 15:06:13) 
--------------------------------------------------------------------------------
[Ok][Deletion] - [BE->FE] [P: CesLayer,SIGNAL_2,(15-4-23)] [O: CesConstraint,PLANE_NETS,(14-27-22)]
[Ok][Deletion] - [BE->FE] [P: CesLayer,SIGNAL_2,(15-4-23)] [O: CesConstraint,PNET_CLEARANCES,(14-29-22)]
[Ok][Deletion] - [BE->FE] [P: CesLayer,SIGNAL_2,(15-4-23)] [O: CesConstraint,PNET_UBORDERS,(14-30-22)]
[Ok][Deletion] - [BE->FE] [P: CesLayer,SIGNAL_3,(15-6-23)] [O: CesConstraint,PLANE_NETS,(14-47-22)]
[Ok][Deletion] - [BE->FE] [P: CesLayer,SIGNAL_3,(15-6-23)] [O: CesConstraint,PNET_CLEARANCES,(14-49-22)]
[Ok][Deletion] - [BE->FE] [P: CesLayer,SIGNAL_3,(15-6-23)] [O: CesConstraint,PNET_UBORDERS,(14-50-22)]
[Ok][Addition] - [BE->FE] [P: CesLayer,SIGNAL_2,(15-4-23)] [O: CesConstraint,PLANE_NETS,(47-13-22)]
[Ok][Addition] - [BE->FE] [P: CesLayer,SIGNAL_2,(15-4-23)] [O: CesConstraint,PNET_CLEARANCES,(47-14-22)]
[Ok][Addition] - [BE->FE] [P: CesLayer,SIGNAL_2,(15-4-23)] [O: CesConstraint,PNET_UBORDERS,(47-15-22)]
[Ok][Addition] - [BE->FE] [P: CesLayer,SIGNAL_3,(15-6-23)] [O: CesConstraint,PLANE_NETS,(47-16-22)]
[Ok][Addition] - [BE->FE] [P: CesLayer,SIGNAL_3,(15-6-23)] [O: CesConstraint,PNET_CLEARANCES,(47-17-22)]
[Ok][Addition] - [BE->FE] [P: CesLayer,SIGNAL_3,(15-6-23)] [O: CesConstraint,PNET_UBORDERS,(47-18-22)]
--------------------------------------------------------------------------------
 CES synchronization - END (2025-11-27 15:06:13) 
--------------------------------------------------------------------------------
--------------------------------------------------------------------------------
 VMVariant synchronization - START (2025-11-27 15:06:13) 
--------------------------------------------------------------------------------
--------------------------------------------------------------------------------
 VMVariant synchronization - END (2025-11-27 15:06:13) 
--------------------------------------------------------------------------------
--------------------------------------------------------------------------------
 Project integration - END (2025-11-27 15:06:13) 
--------------------------------------------------------------------------------
