--------------------------------------------------------------------------------
 Project integration - START (2025-11-27 15:06:20) 
--------------------------------------------------------------------------------
FE snapshot name: DxD
BE snapshot name: Board1_layout_temp
Top level block: (2-1-5)
Parameters: FAConstraints,FEWin,
--------------------------------------------------------------------------------
--------------------------------------------------------------------------------
 CES synchronization - START (2025-11-27 15:06:20) 
--------------------------------------------------------------------------------

--------------------------------------------------------------------------------
 TOPOLOGY synchronization - START (2025-11-27 15:06:20) 
--------------------------------------------------------------------------------
--------------------------------------------------------------------------------
 TOPOLOGY synchronization - END (2025-11-27 15:06:20) 
--------------------------------------------------------------------------------
--------------------------------------------------------------------------------
 CES synchronization - END (2025-11-27 15:06:20) 
--------------------------------------------------------------------------------
--------------------------------------------------------------------------------
 Project integration - END (2025-11-27 15:06:20) 
--------------------------------------------------------------------------------
